This file contains any messages produced by compilers while
running configure, to aid debugging if configure makes a mistake.

It was created by ACL Repair configure 0.5, which was
generated by GNU Autoconf 2.71.  Invocation command line was

  $ ./configure

## --------- ##
## Platform. ##
## --------- ##

hostname = filur00
uname -m = amd64
uname -r = 13.2-RELEASE-p4
uname -s = FreeBSD
uname -v = FreeBSD 13.2-RELEASE-p4 GENERIC

/usr/bin/uname -p = amd64
/bin/uname -X     = unknown

/bin/arch              = unknown
/usr/bin/arch -k       = unknown
/usr/convex/getsysinfo = unknown
/usr/bin/hostinfo      = unknown
/bin/machine           = unknown
/usr/bin/oslevel       = unknown
/bin/universe          = unknown

PATH: /liu/bin/
PATH: /sbin/
PATH: /bin/
PATH: /usr/sbin/
PATH: /usr/bin/
PATH: /usr/local/sbin/
PATH: /usr/local/bin/
PATH: /root/bin/


## ----------- ##
## Core tests. ##
## ----------- ##

configure:2219: looking for aux files: install-sh
configure:2232:  trying ./build-aux/
configure:2243:   ./build-aux/install-sh found
configure:2441: checking for gcc
configure:2462: found /usr/local/bin/gcc
configure:2473: result: gcc
configure:2826: checking for C compiler version
configure:2835: gcc --version >&5
gcc (FreeBSD Ports Collection) 12.2.0
Copyright (C) 2022 Free Software Foundation, Inc.
This is free software; see the source for copying conditions.  There is NO
warranty; not even for MERCHANTABILITY or FITNESS FOR A PARTICULAR PURPOSE.

configure:2846: $? = 0
configure:2835: gcc -v >&5
Using built-in specs.
COLLECT_GCC=gcc
COLLECT_LTO_WRAPPER=/usr/local/libexec/gcc12/gcc/x86_64-portbld-freebsd13.1/12.2.0/lto-wrapper
Target: x86_64-portbld-freebsd13.1
Configured with: /wrkdirs/usr/ports/lang/gcc12/work/gcc-12.2.0/configure --enable-multilib --with-build-config=bootstrap-lto-noplugin --disable-nls --enable-gnu-indirect-function --enable-host-shared --enable-plugin --libdir=/usr/local/lib/gcc12 --libexecdir=/usr/local/libexec/gcc12 --program-suffix=12 --with-as=/usr/local/bin/as --with-gmp=/usr/local --with-gxx-include-dir=/usr/local/lib/gcc12/include/c++/ --with-gxx-libcxx-include-dir=/usr/include/c++/v1 --with-ld=/usr/local/bin/ld --with-pkgversion='FreeBSD Ports Collection' --with-system-zlib --without-zstd --enable-languages=c,c++,objc,fortran,jit --prefix=/usr/local --localstatedir=/var --mandir=/usr/local/man --infodir=/usr/local/share/info/gcc12 --build=x86_64-portbld-freebsd13.1
Thread model: posix
Supported LTO compression algorithms: zlib
gcc version 12.2.0 (FreeBSD Ports Collection) 
configure:2846: $? = 0
configure:2835: gcc -V >&5
gcc: error: unrecognized command-line option '-V'
gcc: fatal error: no input files
compilation terminated.
configure:2846: $? = 1
configure:2835: gcc -qversion >&5
gcc: error: unrecognized command-line option '-qversion'; did you mean '--version'?
gcc: fatal error: no input files
compilation terminated.
configure:2846: $? = 1
configure:2835: gcc -version >&5
gcc: error: unrecognized command-line option '-version'
gcc: fatal error: no input files
compilation terminated.
configure:2846: $? = 1
configure:2866: checking whether the C compiler works
configure:2888: gcc    conftest.c  >&5
configure:2892: $? = 0
configure:2942: result: yes
configure:2945: checking for C compiler default output file name
configure:2947: result: a.out
configure:2953: checking for suffix of executables
configure:2960: gcc -o conftest    conftest.c  >&5
configure:2964: $? = 0
configure:2987: result: 
configure:3009: checking whether we are cross compiling
configure:3017: gcc -o conftest    conftest.c  >&5
configure:3021: $? = 0
configure:3028: ./conftest
configure:3032: $? = 0
configure:3047: result: no
configure:3052: checking for suffix of object files
configure:3075: gcc -c   conftest.c >&5
configure:3079: $? = 0
configure:3101: result: o
configure:3105: checking whether the compiler supports GNU C
configure:3125: gcc -c   conftest.c >&5
configure:3125: $? = 0
configure:3135: result: yes
configure:3146: checking whether gcc accepts -g
configure:3167: gcc -c -g  conftest.c >&5
configure:3167: $? = 0
configure:3211: result: yes
configure:3231: checking for gcc option to enable C11 features
configure:3246: gcc  -c -g -O2  conftest.c >&5
configure:3246: $? = 0
configure:3264: result: none needed
configure:3374: checking whether ln -s works
configure:3378: result: yes
configure:3401: checking for a BSD-compatible install
configure:3474: result: /usr/bin/install -c
configure:3485: checking whether make sets $(MAKE)
configure:3508: result: yes
configure:3523: checking for stdio.h
configure:3523: gcc -c -g -O2  conftest.c >&5
configure:3523: $? = 0
configure:3523: result: yes
configure:3523: checking for stdlib.h
configure:3523: gcc -c -g -O2  conftest.c >&5
configure:3523: $? = 0
configure:3523: result: yes
configure:3523: checking for string.h
configure:3523: gcc -c -g -O2  conftest.c >&5
configure:3523: $? = 0
configure:3523: result: yes
configure:3523: checking for inttypes.h
configure:3523: gcc -c -g -O2  conftest.c >&5
configure:3523: $? = 0
configure:3523: result: yes
configure:3523: checking for stdint.h
configure:3523: gcc -c -g -O2  conftest.c >&5
configure:3523: $? = 0
configure:3523: result: yes
configure:3523: checking for strings.h
configure:3523: gcc -c -g -O2  conftest.c >&5
configure:3523: $? = 0
configure:3523: result: yes
configure:3523: checking for sys/stat.h
configure:3523: gcc -c -g -O2  conftest.c >&5
configure:3523: $? = 0
configure:3523: result: yes
configure:3523: checking for sys/types.h
configure:3523: gcc -c -g -O2  conftest.c >&5
configure:3523: $? = 0
configure:3523: result: yes
configure:3523: checking for unistd.h
configure:3523: gcc -c -g -O2  conftest.c >&5
configure:3523: $? = 0
configure:3523: result: yes
configure:3548: checking for fts.h
configure:3548: gcc -c -g -O2  conftest.c >&5
configure:3548: $? = 0
configure:3548: result: yes
configure:3561: checking how to run the C preprocessor
configure:3587: gcc -E  conftest.c
configure:3587: $? = 0
configure:3602: gcc -E  conftest.c
conftest.c:20:10: fatal error: ac_nonexistent.h: No such file or directory
   20 | #include <ac_nonexistent.h>
      |          ^~~~~~~~~~~~~~~~~~
compilation terminated.
configure:3602: $? = 1
configure: failed program was:
| /* confdefs.h */
| #define PACKAGE_NAME "ACL Repair"
| #define PACKAGE_TARNAME "aclrepair"
| #define PACKAGE_VERSION "0.5"
| #define PACKAGE_STRING "ACL Repair 0.5"
| #define PACKAGE_BUGREPORT "pen@lysator.liu.se"
| #define PACKAGE_URL "https://github.com/ptrrkssn/aclrepair"
| #define HAVE_STDIO_H 1
| #define HAVE_STDLIB_H 1
| #define HAVE_STRING_H 1
| #define HAVE_INTTYPES_H 1
| #define HAVE_STDINT_H 1
| #define HAVE_STRINGS_H 1
| #define HAVE_SYS_STAT_H 1
| #define HAVE_SYS_TYPES_H 1
| #define HAVE_UNISTD_H 1
| #define STDC_HEADERS 1
| #define HAVE_FTS_H 1
| /* end confdefs.h.  */
| #include <ac_nonexistent.h>
configure:3629: result: gcc -E
configure:3643: gcc -E  conftest.c
configure:3643: $? = 0
configure:3658: gcc -E  conftest.c
conftest.c:20:10: fatal error: ac_nonexistent.h: No such file or directory
   20 | #include <ac_nonexistent.h>
      |          ^~~~~~~~~~~~~~~~~~
compilation terminated.
configure:3658: $? = 1
configure: failed program was:
| /* confdefs.h */
| #define PACKAGE_NAME "ACL Repair"
| #define PACKAGE_TARNAME "aclrepair"
| #define PACKAGE_VERSION "0.5"
| #define PACKAGE_STRING "ACL Repair 0.5"
| #define PACKAGE_BUGREPORT "pen@lysator.liu.se"
| #define PACKAGE_URL "https://github.com/ptrrkssn/aclrepair"
| #define HAVE_STDIO_H 1
| #define HAVE_STDLIB_H 1
| #define HAVE_STRING_H 1
| #define HAVE_INTTYPES_H 1
| #define HAVE_STDINT_H 1
| #define HAVE_STRINGS_H 1
| #define HAVE_SYS_STAT_H 1
| #define HAVE_SYS_TYPES_H 1
| #define HAVE_UNISTD_H 1
| #define STDC_HEADERS 1
| #define HAVE_FTS_H 1
| /* end confdefs.h.  */
| #include <ac_nonexistent.h>
configure:3689: checking for grep that handles long lines and -e
configure:3753: result: /usr/bin/grep
configure:3758: checking for egrep
configure:3826: result: /usr/bin/grep -E
configure:3831: checking for uid_t in sys/types.h
configure:3852: result: yes
configure:3863: checking for size_t
configure:3863: gcc -c -g -O2  conftest.c >&5
configure:3863: $? = 0
configure:3863: gcc -c -g -O2  conftest.c >&5
conftest.c: In function 'main':
conftest.c:51:21: error: expected expression before ')' token
   51 | if (sizeof ((size_t)))
      |                     ^
configure:3863: $? = 1
configure: failed program was:
| /* confdefs.h */
| #define PACKAGE_NAME "ACL Repair"
| #define PACKAGE_TARNAME "aclrepair"
| #define PACKAGE_VERSION "0.5"
| #define PACKAGE_STRING "ACL Repair 0.5"
| #define PACKAGE_BUGREPORT "pen@lysator.liu.se"
| #define PACKAGE_URL "https://github.com/ptrrkssn/aclrepair"
| #define HAVE_STDIO_H 1
| #define HAVE_STDLIB_H 1
| #define HAVE_STRING_H 1
| #define HAVE_INTTYPES_H 1
| #define HAVE_STDINT_H 1
| #define HAVE_STRINGS_H 1
| #define HAVE_SYS_STAT_H 1
| #define HAVE_SYS_TYPES_H 1
| #define HAVE_UNISTD_H 1
| #define STDC_HEADERS 1
| #define HAVE_FTS_H 1
| /* end confdefs.h.  */
| #include <stddef.h>
| #ifdef HAVE_STDIO_H
| # include <stdio.h>
| #endif
| #ifdef HAVE_STDLIB_H
| # include <stdlib.h>
| #endif
| #ifdef HAVE_STRING_H
| # include <string.h>
| #endif
| #ifdef HAVE_INTTYPES_H
| # include <inttypes.h>
| #endif
| #ifdef HAVE_STDINT_H
| # include <stdint.h>
| #endif
| #ifdef HAVE_STRINGS_H
| # include <strings.h>
| #endif
| #ifdef HAVE_SYS_TYPES_H
| # include <sys/types.h>
| #endif
| #ifdef HAVE_SYS_STAT_H
| # include <sys/stat.h>
| #endif
| #ifdef HAVE_UNISTD_H
| # include <unistd.h>
| #endif
| int
| main (void)
| {
| if (sizeof ((size_t)))
| 	    return 0;
|   ;
|   return 0;
| }
configure:3863: result: yes
configure:3873: checking for ssize_t
configure:3873: gcc -c -g -O2  conftest.c >&5
configure:3873: $? = 0
configure:3873: gcc -c -g -O2  conftest.c >&5
conftest.c: In function 'main':
conftest.c:51:22: error: expected expression before ')' token
   51 | if (sizeof ((ssize_t)))
      |                      ^
configure:3873: $? = 1
configure: failed program was:
| /* confdefs.h */
| #define PACKAGE_NAME "ACL Repair"
| #define PACKAGE_TARNAME "aclrepair"
| #define PACKAGE_VERSION "0.5"
| #define PACKAGE_STRING "ACL Repair 0.5"
| #define PACKAGE_BUGREPORT "pen@lysator.liu.se"
| #define PACKAGE_URL "https://github.com/ptrrkssn/aclrepair"
| #define HAVE_STDIO_H 1
| #define HAVE_STDLIB_H 1
| #define HAVE_STRING_H 1
| #define HAVE_INTTYPES_H 1
| #define HAVE_STDINT_H 1
| #define HAVE_STRINGS_H 1
| #define HAVE_SYS_STAT_H 1
| #define HAVE_SYS_TYPES_H 1
| #define HAVE_UNISTD_H 1
| #define STDC_HEADERS 1
| #define HAVE_FTS_H 1
| /* end confdefs.h.  */
| #include <stddef.h>
| #ifdef HAVE_STDIO_H
| # include <stdio.h>
| #endif
| #ifdef HAVE_STDLIB_H
| # include <stdlib.h>
| #endif
| #ifdef HAVE_STRING_H
| # include <string.h>
| #endif
| #ifdef HAVE_INTTYPES_H
| # include <inttypes.h>
| #endif
| #ifdef HAVE_STDINT_H
| # include <stdint.h>
| #endif
| #ifdef HAVE_STRINGS_H
| # include <strings.h>
| #endif
| #ifdef HAVE_SYS_TYPES_H
| # include <sys/types.h>
| #endif
| #ifdef HAVE_SYS_STAT_H
| # include <sys/stat.h>
| #endif
| #ifdef HAVE_UNISTD_H
| # include <unistd.h>
| #endif
| int
| main (void)
| {
| if (sizeof ((ssize_t)))
| 	    return 0;
|   ;
|   return 0;
| }
configure:3873: result: yes
configure:3998: creating ./config.status

## ---------------------- ##
## Running config.status. ##
## ---------------------- ##

This file was extended by ACL Repair config.status 0.5, which was
generated by GNU Autoconf 2.71.  Invocation command line was

  CONFIG_FILES    = 
  CONFIG_HEADERS  = 
  CONFIG_LINKS    = 
  CONFIG_COMMANDS = 
  $ ./config.status 

on filur00

config.status:670: creating config.h

## ---------------- ##
## Cache variables. ##
## ---------------- ##

ac_cv_c_compiler_gnu=yes
ac_cv_env_CC_set=''
ac_cv_env_CC_value=''
ac_cv_env_CFLAGS_set=''
ac_cv_env_CFLAGS_value=''
ac_cv_env_CPPFLAGS_set=''
ac_cv_env_CPPFLAGS_value=''
ac_cv_env_CPP_set=''
ac_cv_env_CPP_value=''
ac_cv_env_LDFLAGS_set=''
ac_cv_env_LDFLAGS_value=''
ac_cv_env_LIBS_set=''
ac_cv_env_LIBS_value=''
ac_cv_env_build_alias_set=''
ac_cv_env_build_alias_value=''
ac_cv_env_host_alias_set=''
ac_cv_env_host_alias_value=''
ac_cv_env_target_alias_set=''
ac_cv_env_target_alias_value=''
ac_cv_header_fts_h=yes
ac_cv_header_inttypes_h=yes
ac_cv_header_stdint_h=yes
ac_cv_header_stdio_h=yes
ac_cv_header_stdlib_h=yes
ac_cv_header_string_h=yes
ac_cv_header_strings_h=yes
ac_cv_header_sys_stat_h=yes
ac_cv_header_sys_types_h=yes
ac_cv_header_unistd_h=yes
ac_cv_objext=o
ac_cv_path_EGREP='/usr/bin/grep -E'
ac_cv_path_GREP=/usr/bin/grep
ac_cv_path_install='/usr/bin/install -c'
ac_cv_prog_CPP='gcc -E'
ac_cv_prog_ac_ct_CC=gcc
ac_cv_prog_cc_c11=''
ac_cv_prog_cc_g=yes
ac_cv_prog_cc_stdc=''
ac_cv_prog_make_make_set=yes
ac_cv_type_size_t=yes
ac_cv_type_ssize_t=yes
ac_cv_type_uid_t=yes

## ----------------- ##
## Output variables. ##
## ----------------- ##

CC='gcc'
CFLAGS='-g -O2'
CPP='gcc -E'
CPPFLAGS=''
DEFS='-DHAVE_CONFIG_H'
ECHO_C=''
ECHO_N='-n'
ECHO_T=''
EGREP='/usr/bin/grep -E'
EXEEXT=''
GREP='/usr/bin/grep'
INSTALL_DATA='${INSTALL} -m 644'
INSTALL_PROGRAM='${INSTALL}'
INSTALL_SCRIPT='${INSTALL}'
LDFLAGS=''
LIBOBJS=''
LIBS=''
LN_S='ln -s'
LTLIBOBJS=''
OBJEXT='o'
PACKAGE_BUGREPORT='pen@lysator.liu.se'
PACKAGE_NAME='ACL Repair'
PACKAGE_STRING='ACL Repair 0.5'
PACKAGE_TARNAME='aclrepair'
PACKAGE_URL='https://github.com/ptrrkssn/aclrepair'
PACKAGE_VERSION='0.5'
PATH_SEPARATOR=':'
SET_MAKE=''
SHELL='/bin/sh'
ac_ct_CC='gcc'
bindir='${exec_prefix}/bin'
build_alias=''
datadir='${datarootdir}'
datarootdir='${prefix}/share'
docdir='${datarootdir}/doc/${PACKAGE_TARNAME}'
dvidir='${docdir}'
exec_prefix='${prefix}'
host_alias=''
htmldir='${docdir}'
includedir='${prefix}/include'
infodir='${datarootdir}/info'
libdir='${exec_prefix}/lib'
libexecdir='${exec_prefix}/libexec'
localedir='${datarootdir}/locale'
localstatedir='${prefix}/var'
mandir='${datarootdir}/man'
oldincludedir='/usr/include'
pdfdir='${docdir}'
prefix='/usr/local'
program_transform_name='s,x,x,'
psdir='${docdir}'
runstatedir='${localstatedir}/run'
sbindir='${exec_prefix}/sbin'
sharedstatedir='${prefix}/com'
sysconfdir='${prefix}/etc'
target_alias=''

## ----------- ##
## confdefs.h. ##
## ----------- ##

/* confdefs.h */
#define PACKAGE_NAME "ACL Repair"
#define PACKAGE_TARNAME "aclrepair"
#define PACKAGE_VERSION "0.5"
#define PACKAGE_STRING "ACL Repair 0.5"
#define PACKAGE_BUGREPORT "pen@lysator.liu.se"
#define PACKAGE_URL "https://github.com/ptrrkssn/aclrepair"
#define HAVE_STDIO_H 1
#define HAVE_STDLIB_H 1
#define HAVE_STRING_H 1
#define HAVE_INTTYPES_H 1
#define HAVE_STDINT_H 1
#define HAVE_STRINGS_H 1
#define HAVE_SYS_STAT_H 1
#define HAVE_SYS_TYPES_H 1
#define HAVE_UNISTD_H 1
#define STDC_HEADERS 1
#define HAVE_FTS_H 1

configure: exit 0
